<?xml version="1.0" encoding="UTF-8"?>
<testng-results ignored="0" total="1" passed="1" failed="0" skipped="0">
  <reporter-output>
  </reporter-output>
  <suite started-at="2026-04-10T19:06:00 IST" name="Default suite" finished-at="2026-04-10T19:06:14 IST" duration-ms="13934">
    <groups>
    </groups>
    <test started-at="2026-04-10T19:06:00 IST" name="Default test" finished-at="2026-04-10T19:06:14 IST" duration-ms="13934">
      <class name="tests.SeleniumPrograms2">
        <test-method is-config="true" signature="setup()[pri:0, instance:tests.SeleniumPrograms2@2b71e916]" started-at="2026-04-10T19:06:00 IST" name="setup" finished-at="2026-04-10T19:06:03 IST" duration-ms="3619" status="PASS">
          <reporter-output>
          </reporter-output>
        </test-method> <!-- setup -->
        <test-method signature="openAmazon()[pri:0, instance:tests.SeleniumPrograms2@2b71e916]" started-at="2026-04-10T19:06:03 IST" name="openAmazon" finished-at="2026-04-10T19:06:13 IST" duration-ms="9439" status="PASS">
          <reporter-output>
          </reporter-output>
        </test-method> <!-- openAmazon -->
        <test-method is-config="true" signature="tearDown()[pri:0, instance:tests.SeleniumPrograms2@2b71e916]" started-at="2026-04-10T19:06:13 IST" name="tearDown" finished-at="2026-04-10T19:06:14 IST" duration-ms="780" status="PASS">
          <reporter-output>
          </reporter-output>
        </test-method> <!-- tearDown -->
      </class> <!-- tests.SeleniumPrograms2 -->
    </test> <!-- Default test -->
  </suite> <!-- Default suite -->
</testng-results>
